2021-06-30 15:41:04.370  INFO 13220 --- [main] c.y.Springcloud11AdminClientApplication  : Starting Springcloud11AdminClientApplication on DESKTOP-M9A9D4O with PID 13220 (F:\source\springcloud-all\springcloud11-admin-client\target\classes started by admin in F:\source\springcloud-all)
2021-06-30 15:41:04.376  INFO 13220 --- [main] c.y.Springcloud11AdminClientApplication  : No active profile set, falling back to default profiles: default
2021-06-30 15:41:05.817  INFO 13220 --- [main] o.s.b.w.embedded.tomcat.TomcatWebServer  : Tomcat initialized with port(s): 9305 (http)
2021-06-30 15:41:05.825  INFO 13220 --- [main] o.apache.catalina.core.StandardService   : Starting service [Tomcat]
2021-06-30 15:41:05.826  INFO 13220 --- [main] org.apache.catalina.core.StandardEngine  : Starting Servlet engine: [Apache Tomcat/9.0.46]
2021-06-30 15:41:05.904  INFO 13220 --- [main] o.a.c.c.C.[Tomcat].[localhost].[/]       : Initializing Spring embedded WebApplicationContext
2021-06-30 15:41:05.904  INFO 13220 --- [main] w.s.c.ServletWebServerApplicationContext : Root WebApplicationContext: initialization completed in 1340 ms
2021-06-30 15:41:06.152  INFO 13220 --- [main] o.s.s.concurrent.ThreadPoolTaskExecutor  : Initializing ExecutorService 'applicationTaskExecutor'
2021-06-30 15:41:06.439  INFO 13220 --- [main] o.s.s.c.ThreadPoolTaskScheduler          : Initializing ExecutorService
2021-06-30 15:41:06.500  INFO 13220 --- [main] o.s.b.a.e.web.EndpointLinksResolver      : Exposing 14 endpoint(s) beneath base path '/actuator'
2021-06-30 15:41:06.573  INFO 13220 --- [main] o.s.b.w.embedded.tomcat.TomcatWebServer  : Tomcat started on port(s): 9305 (http) with context path ''
2021-06-30 15:41:06.587  INFO 13220 --- [main] c.y.Springcloud11AdminClientApplication  : Started Springcloud11AdminClientApplication in 2.903 seconds (JVM running for 3.815)
2021-06-30 15:41:07.275  INFO 13220 --- [RMI TCP Connection(2)-192.168.1.108] o.a.c.c.C.[Tomcat].[localhost].[/]       : Initializing Spring DispatcherServlet 'dispatcherServlet'
2021-06-30 15:41:07.276  INFO 13220 --- [RMI TCP Connection(2)-192.168.1.108] o.s.web.servlet.DispatcherServlet        : Initializing Servlet 'dispatcherServlet'
2021-06-30 15:41:07.282  INFO 13220 --- [RMI TCP Connection(2)-192.168.1.108] o.s.web.servlet.DispatcherServlet        : Completed initialization in 6 ms
2021-06-30 15:41:07.471  INFO 13220 --- [registrationTask1] d.c.b.a.c.r.ApplicationRegistrator       : Application registered itself as d39425453a3a
2021-06-30 17:09:25.928  INFO 14840 --- [main] c.y.Springcloud11AdminClientApplication  : No active profile set, falling back to default profiles: default
2021-06-30 17:09:26.623  WARN 14840 --- [main] o.s.boot.actuate.endpoint.EndpointId     : Endpoint ID 'service-registry' contains invalid characters, please migrate to a valid format.
2021-06-30 17:09:26.732  INFO 14840 --- [main] o.s.cloud.context.scope.GenericScope     : BeanFactory id=98e72a36-df92-3def-b131-e4e74cb168ab
2021-06-30 17:09:27.029  INFO 14840 --- [main] o.s.b.w.embedded.tomcat.TomcatWebServer  : Tomcat initialized with port(s): 9305 (http)
2021-06-30 17:09:27.037  INFO 14840 --- [main] o.apache.catalina.core.StandardService   : Starting service [Tomcat]
2021-06-30 17:09:27.038  INFO 14840 --- [main] org.apache.catalina.core.StandardEngine  : Starting Servlet engine: [Apache Tomcat/9.0.46]
2021-06-30 17:09:27.157  INFO 14840 --- [main] o.a.c.c.C.[Tomcat].[localhost].[/]       : Initializing Spring embedded WebApplicationContext
2021-06-30 17:09:27.157  INFO 14840 --- [main] w.s.c.ServletWebServerApplicationContext : Root WebApplicationContext: initialization completed in 1211 ms
2021-06-30 17:09:27.229  WARN 14840 --- [main] c.n.c.sources.URLConfigurationSource     : No URLs will be polled as dynamic configuration sources.
2021-06-30 17:09:27.229  INFO 14840 --- [main] c.n.c.sources.URLConfigurationSource     : To enable URLs as dynamic configuration sources, define System property archaius.configurationSource.additionalUrls or make config.properties available on classpath.
2021-06-30 17:09:27.239  INFO 14840 --- [main] c.netflix.config.DynamicPropertyFactory  : DynamicPropertyFactory is initialized with configuration sources: com.netflix.config.ConcurrentCompositeConfiguration@176996c3
2021-06-30 17:09:27.340  WARN 14840 --- [main] c.n.c.sources.URLConfigurationSource     : No URLs will be polled as dynamic configuration sources.
2021-06-30 17:09:27.341  INFO 14840 --- [main] c.n.c.sources.URLConfigurationSource     : To enable URLs as dynamic configuration sources, define System property archaius.configurationSource.additionalUrls or make config.properties available on classpath.
2021-06-30 17:09:27.477  INFO 14840 --- [main] o.s.s.concurrent.ThreadPoolTaskExecutor  : Initializing ExecutorService 'applicationTaskExecutor'
2021-06-30 17:09:28.929  INFO 14840 --- [main] o.s.cloud.commons.util.InetUtils         : Cannot determine local hostname
2021-06-30 17:09:29.555  INFO 14840 --- [main] o.s.s.c.ThreadPoolTaskScheduler          : Initializing ExecutorService
2021-06-30 17:09:30.817  INFO 14840 --- [main] o.s.cloud.commons.util.InetUtils         : Cannot determine local hostname
2021-06-30 17:09:30.833  INFO 14840 --- [main] DiscoveryClientOptionalArgsConfiguration : Eureka HTTP Client uses Jersey
2021-06-30 17:09:30.884  WARN 14840 --- [main] ockingLoadBalancerClientRibbonWarnLogger : You already have RibbonLoadBalancerClient on your classpath. It will be used by default. As Spring Cloud Ribbon is in maintenance mode. We recommend switching to BlockingLoadBalancerClient instead. In order to use it, set the value of `spring.cloud.loadbalancer.ribbon.enabled` to `false` or remove spring-cloud-starter-netflix-ribbon from your project.
2021-06-30 17:09:30.919  INFO 14840 --- [main] o.s.b.a.e.web.EndpointLinksResolver      : Exposing 18 endpoint(s) beneath base path '/actuator'
2021-06-30 17:09:30.988  INFO 14840 --- [main] o.s.c.n.eureka.InstanceInfoFactory       : Setting initial instance status as: STARTING
2021-06-30 17:09:31.019  INFO 14840 --- [main] com.netflix.discovery.DiscoveryClient    : Initializing Eureka in region us-east-1
2021-06-30 17:09:31.070  INFO 14840 --- [main] c.n.d.provider.DiscoveryJerseyProvider   : Using JSON encoding codec LegacyJacksonJson
2021-06-30 17:09:31.070  INFO 14840 --- [main] c.n.d.provider.DiscoveryJerseyProvider   : Using JSON decoding codec LegacyJacksonJson
2021-06-30 17:09:31.188  INFO 14840 --- [main] c.n.d.provider.DiscoveryJerseyProvider   : Using XML encoding codec XStreamXml
2021-06-30 17:09:31.188  INFO 14840 --- [main] c.n.d.provider.DiscoveryJerseyProvider   : Using XML decoding codec XStreamXml
2021-06-30 17:09:31.352  INFO 14840 --- [main] c.n.d.s.r.aws.ConfigClusterResolver      : Resolving eureka endpoints via configuration
2021-06-30 17:09:31.508  INFO 14840 --- [main] com.netflix.discovery.DiscoveryClient    : Disable delta property : false
2021-06-30 17:09:31.508  INFO 14840 --- [main] com.netflix.discovery.DiscoveryClient    : Single vip registry refresh property : null
2021-06-30 17:09:31.508  INFO 14840 --- [main] com.netflix.discovery.DiscoveryClient    : Force full registry fetch : false
2021-06-30 17:09:31.508  INFO 14840 --- [main] com.netflix.discovery.DiscoveryClient    : Application is null : false
2021-06-30 17:09:31.508  INFO 14840 --- [main] com.netflix.discovery.DiscoveryClient    : Registered Applications size is zero : true
2021-06-30 17:09:31.509  INFO 14840 --- [main] com.netflix.discovery.DiscoveryClient    : Application version is -1: true
2021-06-30 17:09:31.509  INFO 14840 --- [main] com.netflix.discovery.DiscoveryClient    : Getting all instance registry info from the eureka server
2021-06-30 17:09:31.695  INFO 14840 --- [main] com.netflix.discovery.DiscoveryClient    : The response status is 200
2021-06-30 17:09:31.697  INFO 14840 --- [main] com.netflix.discovery.DiscoveryClient    : Starting heartbeat executor: renew interval is: 30
2021-06-30 17:09:31.699  INFO 14840 --- [main] c.n.discovery.InstanceInfoReplicator     : InstanceInfoReplicator onDemand update allowed rate per min is 4
2021-06-30 17:09:31.703  INFO 14840 --- [main] com.netflix.discovery.DiscoveryClient    : Discovery Client initialized at timestamp 1625044171702 with initial instances count: 0
2021-06-30 17:09:31.704  INFO 14840 --- [main] o.s.c.n.e.s.EurekaServiceRegistry        : Registering application ADMIN-CLIENT with eureka with status UP
2021-06-30 17:09:31.705  INFO 14840 --- [main] com.netflix.discovery.DiscoveryClient    : Saw local status change event StatusChangeEvent [timestamp=1625044171705, current=UP, previous=STARTING]
2021-06-30 17:09:31.708  INFO 14840 --- [DiscoveryClient-InstanceInfoReplicator-0] com.netflix.discovery.DiscoveryClient    : DiscoveryClient_ADMIN-CLIENT/localhost:admin-client:9305: registering service...
2021-06-30 17:09:31.740  INFO 14840 --- [main] o.s.b.w.embedded.tomcat.TomcatWebServer  : Tomcat started on port(s): 9305 (http) with context path ''
2021-06-30 17:09:31.741  INFO 14840 --- [main] .s.c.n.e.s.EurekaAutoServiceRegistration : Updating port to 9305
2021-06-30 17:09:31.801  INFO 14840 --- [DiscoveryClient-InstanceInfoReplicator-0] com.netflix.discovery.DiscoveryClient    : DiscoveryClient_ADMIN-CLIENT/localhost:admin-client:9305 - registration status: 204
2021-06-30 17:09:32.960  INFO 14840 --- [main] o.s.cloud.commons.util.InetUtils         : Cannot determine local hostname
2021-06-30 17:09:33.002  INFO 14840 --- [main] c.y.Springcloud11AdminClientApplication  : Started Springcloud11AdminClientApplication in 10.755 seconds (JVM running for 11.692)
2021-06-30 17:09:33.530  INFO 14840 --- [RMI TCP Connection(2)-192.168.1.108] o.a.c.c.C.[Tomcat].[localhost].[/]       : Initializing Spring DispatcherServlet 'dispatcherServlet'
2021-06-30 17:09:33.531  INFO 14840 --- [RMI TCP Connection(2)-192.168.1.108] o.s.web.servlet.DispatcherServlet        : Initializing Servlet 'dispatcherServlet'
2021-06-30 17:09:33.541  INFO 14840 --- [RMI TCP Connection(2)-192.168.1.108] o.s.web.servlet.DispatcherServlet        : Completed initialization in 10 ms
2021-06-30 17:09:33.607  INFO 14840 --- [registrationTask1] d.c.b.a.c.r.ApplicationRegistrator       : Application registered itself as d39425453a3a
2021-06-30 17:10:01.711  INFO 14840 --- [DiscoveryClient-CacheRefreshExecutor-0] com.netflix.discovery.DiscoveryClient    : Disable delta property : false
2021-06-30 17:10:01.712  INFO 14840 --- [DiscoveryClient-CacheRefreshExecutor-0] com.netflix.discovery.DiscoveryClient    : Single vip registry refresh property : null
2021-06-30 17:10:01.713  INFO 14840 --- [DiscoveryClient-CacheRefreshExecutor-0] com.netflix.discovery.DiscoveryClient    : Force full registry fetch : false
2021-06-30 17:10:01.713  INFO 14840 --- [DiscoveryClient-CacheRefreshExecutor-0] com.netflix.discovery.DiscoveryClient    : Application is null : false
2021-06-30 17:10:01.713  INFO 14840 --- [DiscoveryClient-CacheRefreshExecutor-0] com.netflix.discovery.DiscoveryClient    : Registered Applications size is zero : true
2021-06-30 17:10:01.713  INFO 14840 --- [DiscoveryClient-CacheRefreshExecutor-0] com.netflix.discovery.DiscoveryClient    : Application version is -1: false
2021-06-30 17:10:01.714  INFO 14840 --- [DiscoveryClient-CacheRefreshExecutor-0] com.netflix.discovery.DiscoveryClient    : Getting all instance registry info from the eureka server
2021-06-30 17:10:01.763  INFO 14840 --- [DiscoveryClient-CacheRefreshExecutor-0] com.netflix.discovery.DiscoveryClient    : The response status is 200
2021-06-30 17:12:09.401  INFO 13064 --- [main] c.y.Springcloud11AdminClientApplication  : No active profile set, falling back to default profiles: default
2021-06-30 17:12:10.053  WARN 13064 --- [main] o.s.boot.actuate.endpoint.EndpointId     : Endpoint ID 'service-registry' contains invalid characters, please migrate to a valid format.
2021-06-30 17:12:10.163  INFO 13064 --- [main] o.s.cloud.context.scope.GenericScope     : BeanFactory id=98e72a36-df92-3def-b131-e4e74cb168ab
2021-06-30 17:12:10.455  INFO 13064 --- [main] o.s.b.w.embedded.tomcat.TomcatWebServer  : Tomcat initialized with port(s): 9305 (http)
2021-06-30 17:12:10.464  INFO 13064 --- [main] o.apache.catalina.core.StandardService   : Starting service [Tomcat]
2021-06-30 17:12:10.464  INFO 13064 --- [main] org.apache.catalina.core.StandardEngine  : Starting Servlet engine: [Apache Tomcat/9.0.46]
2021-06-30 17:12:10.587  INFO 13064 --- [main] o.a.c.c.C.[Tomcat].[localhost].[/]       : Initializing Spring embedded WebApplicationContext
2021-06-30 17:12:10.588  INFO 13064 --- [main] w.s.c.ServletWebServerApplicationContext : Root WebApplicationContext: initialization completed in 1170 ms
2021-06-30 17:12:10.657  WARN 13064 --- [main] c.n.c.sources.URLConfigurationSource     : No URLs will be polled as dynamic configuration sources.
2021-06-30 17:12:10.658  INFO 13064 --- [main] c.n.c.sources.URLConfigurationSource     : To enable URLs as dynamic configuration sources, define System property archaius.configurationSource.additionalUrls or make config.properties available on classpath.
2021-06-30 17:12:10.667  INFO 13064 --- [main] c.netflix.config.DynamicPropertyFactory  : DynamicPropertyFactory is initialized with configuration sources: com.netflix.config.ConcurrentCompositeConfiguration@176996c3
2021-06-30 17:12:10.765  WARN 13064 --- [main] c.n.c.sources.URLConfigurationSource     : No URLs will be polled as dynamic configuration sources.
2021-06-30 17:12:10.765  INFO 13064 --- [main] c.n.c.sources.URLConfigurationSource     : To enable URLs as dynamic configuration sources, define System property archaius.configurationSource.additionalUrls or make config.properties available on classpath.
2021-06-30 17:12:10.902  INFO 13064 --- [main] o.s.s.concurrent.ThreadPoolTaskExecutor  : Initializing ExecutorService 'applicationTaskExecutor'
2021-06-30 17:12:12.344  INFO 13064 --- [main] o.s.cloud.commons.util.InetUtils         : Cannot determine local hostname
2021-06-30 17:12:12.911  INFO 13064 --- [main] o.s.s.c.ThreadPoolTaskScheduler          : Initializing ExecutorService
2021-06-30 17:12:14.186  INFO 13064 --- [main] o.s.cloud.commons.util.InetUtils         : Cannot determine local hostname
2021-06-30 17:12:14.203  INFO 13064 --- [main] DiscoveryClientOptionalArgsConfiguration : Eureka HTTP Client uses Jersey
2021-06-30 17:12:14.246  WARN 13064 --- [main] ockingLoadBalancerClientRibbonWarnLogger : You already have RibbonLoadBalancerClient on your classpath. It will be used by default. As Spring Cloud Ribbon is in maintenance mode. We recommend switching to BlockingLoadBalancerClient instead. In order to use it, set the value of `spring.cloud.loadbalancer.ribbon.enabled` to `false` or remove spring-cloud-starter-netflix-ribbon from your project.
2021-06-30 17:12:14.276  INFO 13064 --- [main] o.s.b.a.e.web.EndpointLinksResolver      : Exposing 18 endpoint(s) beneath base path '/actuator'
2021-06-30 17:12:14.350  INFO 13064 --- [main] o.s.c.n.eureka.InstanceInfoFactory       : Setting initial instance status as: STARTING
2021-06-30 17:12:14.380  INFO 13064 --- [main] com.netflix.discovery.DiscoveryClient    : Initializing Eureka in region us-east-1
2021-06-30 17:12:14.432  INFO 13064 --- [main] c.n.d.provider.DiscoveryJerseyProvider   : Using JSON encoding codec LegacyJacksonJson
2021-06-30 17:12:14.432  INFO 13064 --- [main] c.n.d.provider.DiscoveryJerseyProvider   : Using JSON decoding codec LegacyJacksonJson
2021-06-30 17:12:14.547  INFO 13064 --- [main] c.n.d.provider.DiscoveryJerseyProvider   : Using XML encoding codec XStreamXml
2021-06-30 17:12:14.548  INFO 13064 --- [main] c.n.d.provider.DiscoveryJerseyProvider   : Using XML decoding codec XStreamXml
2021-06-30 17:12:14.717  INFO 13064 --- [main] c.n.d.s.r.aws.ConfigClusterResolver      : Resolving eureka endpoints via configuration
2021-06-30 17:12:14.869  INFO 13064 --- [main] com.netflix.discovery.DiscoveryClient    : Disable delta property : false
2021-06-30 17:12:14.869  INFO 13064 --- [main] com.netflix.discovery.DiscoveryClient    : Single vip registry refresh property : null
2021-06-30 17:12:14.870  INFO 13064 --- [main] com.netflix.discovery.DiscoveryClient    : Force full registry fetch : false
2021-06-30 17:12:14.870  INFO 13064 --- [main] com.netflix.discovery.DiscoveryClient    : Application is null : false
2021-06-30 17:12:14.870  INFO 13064 --- [main] com.netflix.discovery.DiscoveryClient    : Registered Applications size is zero : true
2021-06-30 17:12:14.870  INFO 13064 --- [main] com.netflix.discovery.DiscoveryClient    : Application version is -1: true
2021-06-30 17:12:14.870  INFO 13064 --- [main] com.netflix.discovery.DiscoveryClient    : Getting all instance registry info from the eureka server
2021-06-30 17:12:15.018  INFO 13064 --- [main] com.netflix.discovery.DiscoveryClient    : The response status is 200
2021-06-30 17:12:15.022  INFO 13064 --- [main] com.netflix.discovery.DiscoveryClient    : Starting heartbeat executor: renew interval is: 30
2021-06-30 17:12:15.025  INFO 13064 --- [main] c.n.discovery.InstanceInfoReplicator     : InstanceInfoReplicator onDemand update allowed rate per min is 4
2021-06-30 17:12:15.028  INFO 13064 --- [main] com.netflix.discovery.DiscoveryClient    : Discovery Client initialized at timestamp 1625044335027 with initial instances count: 2
2021-06-30 17:12:15.029  INFO 13064 --- [main] o.s.c.n.e.s.EurekaServiceRegistry        : Registering application ADMIN-CLIENT with eureka with status UP
2021-06-30 17:12:15.030  INFO 13064 --- [main] com.netflix.discovery.DiscoveryClient    : Saw local status change event StatusChangeEvent [timestamp=1625044335030, current=UP, previous=STARTING]
2021-06-30 17:12:15.033  INFO 13064 --- [DiscoveryClient-InstanceInfoReplicator-0] com.netflix.discovery.DiscoveryClient    : DiscoveryClient_ADMIN-CLIENT/localhost:admin-client:9305: registering service...
2021-06-30 17:12:15.070  INFO 13064 --- [main] o.s.b.w.embedded.tomcat.TomcatWebServer  : Tomcat started on port(s): 9305 (http) with context path ''
2021-06-30 17:12:15.071  INFO 13064 --- [main] .s.c.n.e.s.EurekaAutoServiceRegistration : Updating port to 9305
2021-06-30 17:12:15.084  INFO 13064 --- [DiscoveryClient-InstanceInfoReplicator-0] com.netflix.discovery.DiscoveryClient    : DiscoveryClient_ADMIN-CLIENT/localhost:admin-client:9305 - registration status: 204
2021-06-30 17:12:16.281  INFO 13064 --- [main] o.s.cloud.commons.util.InetUtils         : Cannot determine local hostname
2021-06-30 17:12:16.321  INFO 13064 --- [main] c.y.Springcloud11AdminClientApplication  : Started Springcloud11AdminClientApplication in 10.885 seconds (JVM running for 11.789)
2021-06-30 17:12:16.405  INFO 13064 --- [registrationTask1] d.c.b.a.c.r.ApplicationRegistrator       : Application registered itself as d39425453a3a
2021-06-30 17:12:16.443  INFO 13064 --- [http-nio-9305-exec-1] o.a.c.c.C.[Tomcat].[localhost].[/]       : Initializing Spring DispatcherServlet 'dispatcherServlet'
2021-06-30 17:12:16.443  INFO 13064 --- [http-nio-9305-exec-1] o.s.web.servlet.DispatcherServlet        : Initializing Servlet 'dispatcherServlet'
2021-06-30 17:12:16.449  INFO 13064 --- [http-nio-9305-exec-1] o.s.web.servlet.DispatcherServlet        : Completed initialization in 6 ms
2021-06-30 17:17:14.884  INFO 13064 --- [AsyncResolver-bootstrap-executor-0] c.n.d.s.r.aws.ConfigClusterResolver      : Resolving eureka endpoints via configuration
